#
# There is insufficient memory for the Java Runtime Environment to continue.
# Native memory allocation (malloc) failed to allocate 32744 bytes for ChunkPool::allocate
# Possible reasons:
#   The system is out of physical RAM or swap space
#   The process is running with CompressedOops enabled, and the Java Heap may be blocking the growth of the native heap
# Possible solutions:
#   Reduce memory load on the system
#   Increase physical memory or swap space
#   Check if swap backing store is full
#   Decrease Java heap size (-Xmx/-Xms)
#   Decrease number of Java threads
#   Decrease Java thread stack sizes (-Xss)
#   Set larger code cache with -XX:ReservedCodeCacheSize=
#   JVM is running with Unscaled Compressed Oops mode in which the Java heap is
#     placed in the first 4GB address space. The Java Heap base address is the
#     maximum limit for the native heap growth. Please use -XX:HeapBaseMinAddress
#     to set the Java Heap base and to place the Java Heap above 4GB virtual address.
# This output file may be truncated or incomplete.
#
#  Out of Memory Error (allocation.cpp:272), pid=4840, tid=0x000000000000083c
#
# JRE version: OpenJDK Runtime Environment (8.0_242-b01) (build 1.8.0_242-release-1644-b01)
# Java VM: OpenJDK 64-Bit Server VM (25.242-b01 mixed mode windows-amd64 compressed oops)
# Failed to write core dump. Minidumps are not enabled by default on client versions of Windows
#

---------------  T H R E A D  ---------------

Current thread (0x00000000141f8000):  JavaThread "C2 CompilerThread0" daemon [_thread_in_native, id=2108, stack(0x0000000015230000,0x0000000015330000)]

Stack: [0x0000000015230000,0x0000000015330000]
[error occurred during error reporting (printing stack bounds), id 0xc0000005]

Native frames: (J=compiled Java code, j=interpreted, Vv=VM code, C=native code)


Current CompileTask:
C2:  16860 1693       4       java.net.URLClassLoader$1::run (5 bytes)


---------------  P R O C E S S  ---------------

Java Threads: ( => current thread )
  0x0000000014265800 JavaThread "Service Thread" daemon [_thread_blocked, id=8620, stack(0x0000000015430000,0x0000000015530000)]
  0x0000000014200800 JavaThread "C1 CompilerThread1" daemon [_thread_blocked, id=11164, stack(0x0000000015330000,0x0000000015430000)]
=>0x00000000141f8000 JavaThread "C2 CompilerThread0" daemon [_thread_in_native, id=2108, stack(0x0000000015230000,0x0000000015330000)]
  0x00000000141f6800 JavaThread "Attach Listener" daemon [_thread_blocked, id=7400, stack(0x0000000015130000,0x0000000015230000)]
  0x00000000141f3800 JavaThread "Signal Dispatcher" daemon [_thread_blocked, id=10424, stack(0x0000000015030000,0x0000000015130000)]
  0x00000000023fe000 JavaThread "Finalizer" daemon [_thread_blocked, id=4088, stack(0x0000000014e30000,0x0000000014f30000)]
  0x00000000141d7000 JavaThread "Reference Handler" daemon [_thread_blocked, id=10828, stack(0x0000000014d30000,0x0000000014e30000)]
  0x0000000002308000 JavaThread "main" [_thread_in_native, id=7748, stack(0x0000000002200000,0x0000000002300000)]

Other Threads:
  0x00000000141b5000 VMThread [stack: 0x0000000014c30000,0x0000000014d30000] [id=10860]
  0x0000000014268800 WatcherThread [stack: 0x0000000015530000,0x0000000015630000] [id=8804]

VM state:not at safepoint (normal execution)

VM Mutex/Monitor currently owned by a thread: None

heap address: 0x00000000cb600000, size: 842 MB, Compressed Oops mode: 32-bit
Narrow klass base: 0x0000000000000000, Narrow klass shift: 3
Compressed class space size: 1073741824 Address: 0x0000000100000000

Heap:
 PSYoungGen      total 20992K, used 3133K [0x00000000ee780000, 0x00000000f0280000, 0x0000000100000000)
  eden space 14336K, 21% used [0x00000000ee780000,0x00000000eea8f708,0x00000000ef580000)
  from space 6656K, 0% used [0x00000000efc00000,0x00000000efc00000,0x00000000f0280000)
  to   space 6656K, 0% used [0x00000000ef580000,0x00000000ef580000,0x00000000efc00000)
 ParOldGen       total 36864K, used 13614K [0x00000000cb600000, 0x00000000cda00000, 0x00000000ee780000)
  object space 36864K, 36% used [0x00000000cb600000,0x00000000cc34bbc8,0x00000000cda00000)
 Metaspace       used 21919K, capacity 22360K, committed 22576K, reserved 1069056K
  class space    used 2614K, capacity 2766K, committed 2864K, reserved 1048576K

Card table byte_map: [0x00000000117c0000,0x0000000011970000] byte_map_base: 0x0000000011165000

Marking Bits: (ParMarkBitMap*) 0x0000000067a8f030
 Begin Bits: [0x0000000011c90000, 0x00000000129b8000)
 End Bits:   [0x00000000129b8000, 0x00000000136e0000)

Polling page: 0x0000000000440000

CodeCache: size=245760Kb used=5321Kb max_used=5331Kb free=240438Kb
 bounds [0x0000000002400000, 0x0000000002940000, 0x0000000011400000]
 total_blobs=2090 nmethods=1692 adapters=312
 compilation: enabled

Compilation events (10 events):
Event: 16.623 Thread 0x0000000014200800 nmethod 1688 0x0000000002931190 code [0x0000000002931300, 0x00000000029315a8]
Event: 16.636 Thread 0x0000000014200800 1689       1       org.jetbrains.kotlin.com.intellij.core.CoreApplicationEnvironment::lambda$new$0 (5 bytes)
Event: 16.636 Thread 0x0000000014200800 nmethod 1689 0x0000000002930ed0 code [0x0000000002931020, 0x0000000002931130]
Event: 16.667 Thread 0x00000000141f8000 1690  s!   4       java.net.URLStreamHandler::getHostAddress (54 bytes)
Event: 16.669 Thread 0x0000000014200800 1691       3       java.lang.String::compareTo (78 bytes)
Event: 16.670 Thread 0x0000000014200800 nmethod 1691 0x0000000002934910 code [0x0000000002934a80, 0x0000000002934dd0]
Event: 16.670 Thread 0x0000000014200800 1692       1       java.io.File::getPrefixLength (5 bytes)
Event: 16.670 Thread 0x0000000014200800 nmethod 1692 0x0000000002930c10 code [0x0000000002930d60, 0x0000000002930e70]
Event: 16.671 Thread 0x00000000141f8000 nmethod 1690 0x0000000002934350 code [0x00000000029344a0, 0x00000000029347d8]
Event: 16.758 Thread 0x00000000141f8000 1693       4       java.net.URLClassLoader$1::run (5 bytes)

GC Heap History (10 events):
Event: 9.582 GC heap before
{Heap before GC invocations=3 (full 0):
 PSYoungGen      total 16384K, used 16375K [0x00000000ee780000, 0x00000000ef980000, 0x0000000100000000)
  eden space 14336K, 100% used [0x00000000ee780000,0x00000000ef580000,0x00000000ef580000)
  from space 2048K, 99% used [0x00000000ef780000,0x00000000ef97ddd8,0x00000000ef980000)
  to   space 2048K, 0% used [0x00000000ef580000,0x00000000ef580000,0x00000000ef780000)
 ParOldGen       total 36864K, used 3741K [0x00000000cb600000, 0x00000000cda00000, 0x00000000ee780000)
  object space 36864K, 10% used [0x00000000cb600000,0x00000000cb9a7680,0x00000000cda00000)
 Metaspace       used 11306K, capacity 11506K, committed 11648K, reserved 1058816K
  class space    used 1232K, capacity 1317K, committed 1408K, reserved 1048576K
Event: 9.601 GC heap after
Heap after GC invocations=3 (full 0):
 PSYoungGen      total 16384K, used 2027K [0x00000000ee780000, 0x00000000ef980000, 0x0000000100000000)
  eden space 14336K, 0% used [0x00000000ee780000,0x00000000ee780000,0x00000000ef580000)
  from space 2048K, 98% used [0x00000000ef580000,0x00000000ef77ac98,0x00000000ef780000)
  to   space 2048K, 0% used [0x00000000ef780000,0x00000000ef780000,0x00000000ef980000)
 ParOldGen       total 36864K, used 7123K [0x00000000cb600000, 0x00000000cda00000, 0x00000000ee780000)
  object space 36864K, 19% used [0x00000000cb600000,0x00000000cbcf4f58,0x00000000cda00000)
 Metaspace       used 11306K, capacity 11506K, committed 11648K, reserved 1058816K
  class space    used 1232K, capacity 1317K, committed 1408K, reserved 1048576K
}
Event: 11.878 GC heap before
{Heap before GC invocations=4 (full 0):
 PSYoungGen      total 16384K, used 16363K [0x00000000ee780000, 0x00000000ef980000, 0x0000000100000000)
  eden space 14336K, 100% used [0x00000000ee780000,0x00000000ef580000,0x00000000ef580000)
  from space 2048K, 98% used [0x00000000ef580000,0x00000000ef77ac98,0x00000000ef780000)
  to   space 2048K, 0% used [0x00000000ef780000,0x00000000ef780000,0x00000000ef980000)
 ParOldGen       total 36864K, used 7123K [0x00000000cb600000, 0x00000000cda00000, 0x00000000ee780000)
  object space 36864K, 19% used [0x00000000cb600000,0x00000000cbcf4f58,0x00000000cda00000)
 Metaspace       used 14170K, capacity 14444K, committed 14592K, reserved 1062912K
  class space    used 1641K, capacity 1732K, committed 1792K, reserved 1048576K
Event: 11.897 GC heap after
Heap after GC invocations=4 (full 0):
 PSYoungGen      total 16384K, used 2032K [0x00000000ee780000, 0x00000000ef980000, 0x0000000100000000)
  eden space 14336K, 0% used [0x00000000ee780000,0x00000000ee780000,0x00000000ef580000)
  from space 2048K, 99% used [0x00000000ef780000,0x00000000ef97c0b8,0x00000000ef980000)
  to   space 2048K, 0% used [0x00000000ef580000,0x00000000ef580000,0x00000000ef780000)
 ParOldGen       total 36864K, used 10486K [0x00000000cb600000, 0x00000000cda00000, 0x00000000ee780000)
  object space 36864K, 28% used [0x00000000cb600000,0x00000000cc03d810,0x00000000cda00000)
 Metaspace       used 14170K, capacity 14444K, committed 14592K, reserved 1062912K
  class space    used 1641K, capacity 1732K, committed 1792K, reserved 1048576K
}
Event: 13.485 GC heap before
{Heap before GC invocations=5 (full 0):
 PSYoungGen      total 16384K, used 16368K [0x00000000ee780000, 0x00000000ef980000, 0x0000000100000000)
  eden space 14336K, 100% used [0x00000000ee780000,0x00000000ef580000,0x00000000ef580000)
  from space 2048K, 99% used [0x00000000ef780000,0x00000000ef97c0b8,0x00000000ef980000)
  to   space 2048K, 0% used [0x00000000ef580000,0x00000000ef580000,0x00000000ef780000)
 ParOldGen       total 36864K, used 10486K [0x00000000cb600000, 0x00000000cda00000, 0x00000000ee780000)
  object space 36864K, 28% used [0x00000000cb600000,0x00000000cc03d810,0x00000000cda00000)
 Metaspace       used 17882K, capacity 18246K, committed 18432K, reserved 1064960K
  class space    used 2073K, capacity 2189K, committed 2304K, reserved 1048576K
Event: 13.500 GC heap after
Heap after GC invocations=5 (full 0):
 PSYoungGen      total 16384K, used 2027K [0x00000000ee780000, 0x00000000f0280000, 0x0000000100000000)
  eden space 14336K, 0% used [0x00000000ee780000,0x00000000ee780000,0x00000000ef580000)
  from space 2048K, 98% used [0x00000000ef580000,0x00000000ef77ac98,0x00000000ef780000)
  to   space 6656K, 0% used [0x00000000efc00000,0x00000000efc00000,0x00000000f0280000)
 ParOldGen       total 36864K, used 13823K [0x00000000cb600000, 0x00000000cda00000, 0x00000000ee780000)
  object space 36864K, 37% used [0x00000000cb600000,0x00000000cc37fc88,0x00000000cda00000)
 Metaspace       used 17882K, capacity 18246K, committed 18432K, reserved 1064960K
  class space    used 2073K, capacity 2189K, committed 2304K, reserved 1048576K
}
Event: 15.636 GC heap before
{Heap before GC invocations=6 (full 0):
 PSYoungGen      total 16384K, used 14206K [0x00000000ee780000, 0x00000000f0280000, 0x0000000100000000)
  eden space 14336K, 84% used [0x00000000ee780000,0x00000000ef364e80,0x00000000ef580000)
  from space 2048K, 98% used [0x00000000ef580000,0x00000000ef77ac98,0x00000000ef780000)
  to   space 6656K, 0% used [0x00000000efc00000,0x00000000efc00000,0x00000000f0280000)
 ParOldGen       total 36864K, used 13823K [0x00000000cb600000, 0x00000000cda00000, 0x00000000ee780000)
  object space 36864K, 37% used [0x00000000cb600000,0x00000000cc37fc88,0x00000000cda00000)
 Metaspace       used 20838K, capacity 21252K, committed 21296K, reserved 1069056K
  class space    used 2448K, capacity 2592K, committed 2608K, reserved 1048576K
Event: 15.657 GC heap after
Heap after GC invocations=6 (full 0):
 PSYoungGen      total 20992K, used 5056K [0x00000000ee780000, 0x00000000f0280000, 0x0000000100000000)
  eden space 14336K, 0% used [0x00000000ee780000,0x00000000ee780000,0x00000000ef580000)
  from space 6656K, 75% used [0x00000000efc00000,0x00000000f00f0068,0x00000000f0280000)
  to   space 6656K, 0% used [0x00000000ef580000,0x00000000ef580000,0x00000000efc00000)
 ParOldGen       total 36864K, used 13823K [0x00000000cb600000, 0x00000000cda00000, 0x00000000ee780000)
  object space 36864K, 37% used [0x00000000cb600000,0x00000000cc37fc88,0x00000000cda00000)
 Metaspace       used 20838K, capacity 21252K, committed 21296K, reserved 1069056K
  class space    used 2448K, capacity 2592K, committed 2608K, reserved 1048576K
}
Event: 15.657 GC heap before
{Heap before GC invocations=7 (full 1):
 PSYoungGen      total 20992K, used 5056K [0x00000000ee780000, 0x00000000f0280000, 0x0000000100000000)
  eden space 14336K, 0% used [0x00000000ee780000,0x00000000ee780000,0x00000000ef580000)
  from space 6656K, 75% used [0x00000000efc00000,0x00000000f00f0068,0x00000000f0280000)
  to   space 6656K, 0% used [0x00000000ef580000,0x00000000ef580000,0x00000000efc00000)
 ParOldGen       total 36864K, used 13823K [0x00000000cb600000, 0x00000000cda00000, 0x00000000ee780000)
  object space 36864K, 37% used [0x00000000cb600000,0x00000000cc37fc88,0x00000000cda00000)
 Metaspace       used 20838K, capacity 21252K, committed 21296K, reserved 1069056K
  class space    used 2448K, capacity 2592K, committed 2608K, reserved 1048576K
Event: 15.835 GC heap after
Heap after GC invocations=7 (full 1):
 PSYoungGen      total 20992K, used 0K [0x00000000ee780000, 0x00000000f0280000, 0x0000000100000000)
  eden space 14336K, 0% used [0x00000000ee780000,0x00000000ee780000,0x00000000ef580000)
  from space 6656K, 0% used [0x00000000efc00000,0x00000000efc00000,0x00000000f0280000)
  to   space 6656K, 0% used [0x00000000ef580000,0x00000000ef580000,0x00000000efc00000)
 ParOldGen       total 36864K, used 13614K [0x00000000cb600000, 0x00000000cda00000, 0x00000000ee780000)
  object space 36864K, 36% used [0x00000000cb600000,0x00000000cc34bbc8,0x00000000cda00000)
 Metaspace       used 20838K, capacity 21252K, committed 21296K, reserved 1069056K
  class space    used 2448K, capacity 2592K, committed 2608K, reserved 1048576K
}

Deoptimization events (10 events):
Event: 12.798 Thread 0x0000000002308000 Uncommon trap: reason=class_check action=maybe_recompile pc=0x00000000027ce400 method=java.util.Collections$UnmodifiableCollection.size()I @ 4
Event: 12.804 Thread 0x0000000002308000 Uncommon trap: reason=class_check action=maybe_recompile pc=0x00000000027ce400 method=java.util.Collections$UnmodifiableCollection.size()I @ 4
Event: 13.768 Thread 0x0000000002308000 Uncommon trap: reason=unstable_if action=reinterpret pc=0x000000000286b4e8 method=sun.reflect.annotation.AnnotationInvocationHandler.invoke(Ljava/lang/Object;Ljava/lang/reflect/Method;[Ljava/lang/Object;)Ljava/lang/Object; @ 255
Event: 14.511 Thread 0x0000000002308000 Uncommon trap: reason=class_check action=maybe_recompile pc=0x00000000027ce400 method=java.util.Collections$UnmodifiableCollection.size()I @ 4
Event: 14.511 Thread 0x0000000002308000 Uncommon trap: reason=class_check action=maybe_recompile pc=0x00000000027d1fec method=java.util.Collections$UnmodifiableList.get(I)Ljava/lang/Object; @ 5
Event: 14.512 Thread 0x0000000002308000 Uncommon trap: reason=class_check action=maybe_recompile pc=0x00000000027d1fec method=java.util.Collections$UnmodifiableList.get(I)Ljava/lang/Object; @ 5
Event: 14.549 Thread 0x0000000002308000 Uncommon trap: reason=class_check action=maybe_recompile pc=0x00000000027ce400 method=java.util.Collections$UnmodifiableCollection.size()I @ 4
Event: 14.549 Thread 0x0000000002308000 Uncommon trap: reason=class_check action=maybe_recompile pc=0x00000000027d1fec method=java.util.Collections$UnmodifiableList.get(I)Ljava/lang/Object; @ 5
Event: 14.550 Thread 0x0000000002308000 Uncommon trap: reason=class_check action=maybe_recompile pc=0x00000000027d1fec method=java.util.Collections$UnmodifiableList.get(I)Ljava/lang/Object; @ 5
Event: 14.568 Thread 0x0000000002308000 Uncommon trap: reason=unstable_if action=reinterpret pc=0x00000000025c9f88 method=java.lang.String.startsWith(Ljava/lang/String;I)Z @ 25

Classes redefined (0 events):
No events

Internal exceptions (10 events):
Event: 4.494 Thread 0x0000000002308000 Exception <a 'java/security/PrivilegedActionException'> (0x00000000ee7ecb88) thrown at [C:\src\AOSP-openjdk-git\hotspot\src\share\vm\prims\jvm.cpp, line 1502]
Event: 4.495 Thread 0x0000000002308000 Exception <a 'java/security/PrivilegedActionException'> (0x00000000ee7ee678) thrown at [C:\src\AOSP-openjdk-git\hotspot\src\share\vm\prims\jvm.cpp, line 1502]
Event: 4.495 Thread 0x0000000002308000 Exception <a 'java/security/PrivilegedActionException'> (0x00000000ee7eea70) thrown at [C:\src\AOSP-openjdk-git\hotspot\src\share\vm\prims\jvm.cpp, line 1502]
Event: 7.759 Thread 0x0000000002308000 Exception <a 'java/lang/ArrayIndexOutOfBoundsException'> (0x00000000ef509ff0) thrown at [C:\src\AOSP-openjdk-git\hotspot\src\share\vm\runtime\sharedRuntime.cpp, line 605]
Event: 9.069 Thread 0x0000000002308000 Exception <a 'java/lang/ArrayIndexOutOfBoundsException'> (0x00000000ef09fbc0) thrown at [C:\src\AOSP-openjdk-git\hotspot\src\share\vm\runtime\sharedRuntime.cpp, line 605]
Event: 12.802 Thread 0x0000000002308000 Exception <a 'java/lang/NoSuchMethodError': java.lang.Object.lambda$comparing$77a9974f$1(Ljava/util/function/Function;Ljava/lang/Object;Ljava/lang/Object;)I> (0x00000000ef16adc8) thrown at [C:\src\AOSP-openjdk-git\hotspot\src\share\vm\interpreter\linkReso
Event: 12.910 Thread 0x0000000002308000 Exception <a 'java/lang/NoSuchMethodError': java.lang.Object.lambda$static$0()J> (0x00000000ef26eab0) thrown at [C:\src\AOSP-openjdk-git\hotspot\src\share\vm\interpreter\linkResolver.cpp, line 620]
Event: 14.163 Thread 0x0000000002308000 Exception <a 'java/lang/NoSuchMethodError': java.lang.Object.lambda$static$0(I)[Lorg/jetbrains/kotlin/com/intellij/openapi/editor/event/DocumentListener;> (0x00000000eebc4098) thrown at [C:\src\AOSP-openjdk-git\hotspot\src\share\vm\interpreter\linkResolve
Event: 14.383 Thread 0x0000000002308000 Exception <a 'java/lang/NoSuchMethodError': java.lang.Object.lambda$static$0(I)[Lorg/jetbrains/kotlin/com/intellij/psi/PsiAnnotation;> (0x00000000eede15b8) thrown at [C:\src\AOSP-openjdk-git\hotspot\src\share\vm\interpreter\linkResolver.cpp, line 620]
Event: 15.600 Thread 0x0000000002308000 Exception <a 'java/lang/NoSuchMethodError': java.lang.Object.lambda$static$0(I)[Lorg/jetbrains/kotlin/com/intellij/psi/PsiElement;> (0x00000000ef3283f0) thrown at [C:\src\AOSP-openjdk-git\hotspot\src\share\vm\interpreter\linkResolver.cpp, line 620]

Events (10 events):
Event: 16.831 loading class java/nio/file/attribute/BasicFileAttributeView
Event: 16.832 loading class java/nio/file/attribute/FileAttributeView
Event: 16.832 loading class java/nio/file/attribute/AttributeView
Event: 16.832 loading class java/nio/file/attribute/AttributeView done
Event: 16.832 loading class java/nio/file/attribute/FileAttributeView done
Event: 16.833 loading class java/nio/file/attribute/BasicFileAttributeView done
Event: 16.833 loading class java/nio/file/attribute/DosFileAttributeView done
Event: 16.833 loading class java/nio/file/attribute/BasicWithKeyFileAttributeView
Event: 16.833 loading class java/nio/file/attribute/BasicWithKeyFileAttributeView done
Event: 16.833 loading class sun/nio/fs/WindowsFileAttributeViews


Dynamic libraries:
0x00007ff6ab750000 - 0x00007ff6ab781000 	C:\Program Files\Android\Android Studio\jre\jre\bin\java.exe
0x00007ff911900000 - 0x00007ff911af0000 	C:\Windows\SYSTEM32\ntdll.dll
0x00007ff9117d0000 - 0x00007ff911882000 	C:\Windows\System32\KERNEL32.DLL
0x00007ff90f390000 - 0x00007ff90f634000 	C:\Windows\System32\KERNELBASE.dll
0x00007ff911200000 - 0x00007ff9112a3000 	C:\Windows\System32\ADVAPI32.dll
0x00007ff911010000 - 0x00007ff9110ae000 	C:\Windows\System32\msvcrt.dll
0x00007ff9110e0000 - 0x00007ff911177000 	C:\Windows\System32\sechost.dll
0x00007ff910990000 - 0x00007ff910ab0000 	C:\Windows\System32\RPCRT4.dll
0x00007ff911440000 - 0x00007ff9115d5000 	C:\Windows\System32\USER32.dll
0x00007ff90f360000 - 0x00007ff90f381000 	C:\Windows\System32\win32u.dll
0x00007ff911890000 - 0x00007ff9118b6000 	C:\Windows\System32\GDI32.dll
0x00007ff90f640000 - 0x00007ff90f7d6000 	C:\Windows\System32\gdi32full.dll
0x00007ff90f160000 - 0x00007ff90f1fe000 	C:\Windows\System32\msvcp_win.dll
0x00007ff90f7e0000 - 0x00007ff90f8da000 	C:\Windows\System32\ucrtbase.dll
0x00007ff8f9ee0000 - 0x00007ff8fa164000 	C:\Windows\WinSxS\amd64_microsoft.windows.common-controls_6595b64144ccf1df_6.0.18362.1016_none_9e7a36bbe461dae4\COMCTL32.dll
0x00007ff910b30000 - 0x00007ff910e65000 	C:\Windows\System32\combase.dll
0x00007ff90f200000 - 0x00007ff90f280000 	C:\Windows\System32\bcryptPrimitives.dll
0x00007ff9110b0000 - 0x00007ff9110de000 	C:\Windows\System32\IMM32.DLL
0x0000000066750000 - 0x0000000066822000 	C:\Program Files\Android\Android Studio\jre\jre\bin\msvcr100.dll
0x00000000672c0000 - 0x0000000067b0b000 	C:\Program Files\Android\Android Studio\jre\jre\bin\server\jvm.dll
0x00007ff9113d0000 - 0x00007ff9113d8000 	C:\Windows\System32\PSAPI.DLL
0x00007ff8f2920000 - 0x00007ff8f2929000 	C:\Windows\SYSTEM32\WSOCK32.dll
0x00007ff9112b0000 - 0x00007ff91131f000 	C:\Windows\System32\WS2_32.dll
0x00007ff90c8d0000 - 0x00007ff90c8f4000 	C:\Windows\SYSTEM32\WINMM.dll
0x00007ff8fc610000 - 0x00007ff8fc61a000 	C:\Windows\SYSTEM32\VERSION.dll
0x00007ff90c8a0000 - 0x00007ff90c8cd000 	C:\Windows\SYSTEM32\WINMMBASE.dll
0x00007ff90f940000 - 0x00007ff90f98a000 	C:\Windows\System32\cfgmgr32.dll
0x00007ff90a340000 - 0x00007ff90a34f000 	C:\Program Files\Android\Android Studio\jre\jre\bin\verify.dll
0x00007ff90a1b0000 - 0x00007ff90a1d9000 	C:\Program Files\Android\Android Studio\jre\jre\bin\java.dll
0x00007ff909790000 - 0x00007ff9097a6000 	C:\Program Files\Android\Android Studio\jre\jre\bin\zip.dll
0x00007ff90fdc0000 - 0x00007ff9104a7000 	C:\Windows\System32\SHELL32.dll
0x00007ff911320000 - 0x00007ff9113c9000 	C:\Windows\System32\shcore.dll
0x00007ff90e9d0000 - 0x00007ff90f152000 	C:\Windows\System32\windows.storage.dll
0x00007ff90e850000 - 0x00007ff90e873000 	C:\Windows\System32\profapi.dll
0x00007ff90e800000 - 0x00007ff90e84a000 	C:\Windows\System32\powrprof.dll
0x00007ff90e7b0000 - 0x00007ff90e7c0000 	C:\Windows\System32\UMPDC.dll
0x00007ff90fbb0000 - 0x00007ff90fc02000 	C:\Windows\System32\shlwapi.dll
0x00007ff90e7c0000 - 0x00007ff90e7d1000 	C:\Windows\System32\kernel.appcore.dll
0x00007ff90f990000 - 0x00007ff90f9a7000 	C:\Windows\System32\cryptsp.dll

VM Arguments:
java_command: org.jetbrains.kotlin.cli.jvm.K2JVMCompiler -Xallow-no-source-files -classpath C:\Users\wlan\AndroidStudioProjects\ContactApp\app\build\intermediates\compile_and_runtime_not_namespaced_r_class_jar\debug\R.jar;C:\Users\wlan\.gradle\caches\transforms-2\files-2.1\a0b5da322e7a7da83b1e3a27c0046d86\jetified-adapter-rxjava2-2.3.0.jar;C:\Users\wlan\.gradle\caches\transforms-2\files-2.1\63725e36d1e4083e503725a588fcc1c0\jetified-converter-gson-2.3.0.jar;C:\Users\wlan\.gradle\caches\transforms-2\files-2.1\fa086d5e8d95fa5b3e1cca967b260c66\jetified-retrofit-2.3.0.jar;C:\Users\wlan\.gradle\caches\transforms-2\files-2.1\263f1153c1dc071e6038cb14414e2dff\jetified-rxandroid-2.0.1-api.jar;C:\Users\wlan\.gradle\caches\transforms-2\files-2.1\acc1a9f16c873dcf4dfdd83f242f0dd0\jetified-okhttp-3.8.0.jar;C:\Users\wlan\.gradle\caches\transforms-2\files-2.1\a99ee0d959c3d0c9bc6bbd7ddca3d6c2\jetified-okio-1.13.0.jar;C:\Users\wlan\.gradle\caches\transforms-2\files-2.1\a12bb37fb6bc3cb6dd51b792c01ca875\jetified-rxjava-2.0.1.jar;C:\Users\wlan\.gradle\caches\transforms-2\files-2.1\d117090532bb257b73d2d3adf303b22c\jetified-gson-2.7.jar;C:\Users\wlan\.gradle\caches\transforms-2\files-2.1\d8ecf77db437180f5945578a4d2539b5\jetified-kotlin-android-extensions-runtime-1.3.72.jar;C:\Users\wlan\.gradle\caches\transforms-2\files-2.1\25b696cc5bf1375c49886a05e5663b49\jetified-core-ktx-1.3.1-api.jar;C:\Users\wlan\.gradle\caches\transforms-2\files-2.1\d7918a34a298ce6afd050963fe8285f4\jetified-kotlin-stdlib-1.3.72.jar;C:\Users\wlan\.gradle\caches\transforms-2\files-2.1\7a610442c037d944b5571b97c8bc4008\jetified-kotlin-stdlib-common-1.3.72.jar;C:\Users\wlan\.gradle\caches\transforms-2\files-2.1\b5ebe2cccd14b8a63e84eff597aa9d39\jetified-annotations-13.0.jar;C:\Users\wlan\.gradle\caches\transforms-2\files-2.1\ed8ddf1902b2f23e6a491776fb03d4fa\constraintlayout-2.0.1-api.jar;C:\Users\wlan\.gradle\caches\transforms-2\files-2.1\399de8a59477a234fcd6d33200205fea\material-1.2.0-api.jar;C:\Users\wlan\.gradle\cache
java_class_path (initial): C:\Users\wlan\.gradle\caches\modules-2\files-2.1\org.jetbrains.kotlin\kotlin-compiler-embeddable\1.3.72\fb72232c8fa977d5e07d33c43381ddbdc5edab6\kotlin-compiler-embeddable-1.3.72.jar;C:\Users\wlan\.gradle\caches\modules-2\files-2.1\org.jetbrains.kotlin\kotlin-reflect\1.3.72\86613e1a669a701b0c660bfd2af4f82a7ae11fca\kotlin-reflect-1.3.72.jar;C:\Users\wlan\.gradle\caches\modules-2\files-2.1\org.jetbrains.kotlin\kotlin-stdlib\1.3.72\8032138f12c0180bc4e51fe139d4c52b46db6109\kotlin-stdlib-1.3.72.jar;C:\Users\wlan\.gradle\caches\modules-2\files-2.1\org.jetbrains.kotlin\kotlin-script-runtime\1.3.72\657d8d34d91e1964b4439378c09933e840bfe8d5\kotlin-script-runtime-1.3.72.jar;C:\Users\wlan\.gradle\caches\modules-2\files-2.1\org.jetbrains.kotlin\kotlin-daemon-embeddable\1.3.72\53bbaa2816dbf6bdb85f629451b1fcc88f2164d2\kotlin-daemon-embeddable-1.3.72.jar;C:\Users\wlan\.gradle\caches\modules-2\files-2.1\org.jetbrains.intellij.deps\trove4j\1.0.20181211\216c2e14b070f334479d800987affe4054cd563f\trove4j-1.0.20181211.jar;C:\Users\wlan\.gradle\caches\modules-2\files-2.1\org.jetbrains.kotlin\kotlin-stdlib-common\1.3.72\6ca8bee3d88957eaaaef077c41c908c9940492d8\kotlin-stdlib-common-1.3.72.jar;C:\Users\wlan\.gradle\caches\modules-2\files-2.1\org.jetbrains\annotations\13.0\919f0dfe192fb4e063e7dacadee7f8bb9a2672a9\annotations-13.0.jar;C:\Program Files\Android\Android Studio\jre\lib\tools.jar
Launcher Type: SUN_STANDARD

Environment Variables:
PATH=C:\ProgramData\Oracle\Java\javapath;C:\Windows\system32;C:\Windows;C:\Windows\System32\Wbem;C:\Windows\System32\WindowsPowerShell\v1.0\;C:\Windows\System32\OpenSSH\;C:\Program Files\Git\cmd;C:\Go\bin;C:\Program Files\nodejs\;C:\Program Files\Docker\Docker\resources\bin;C:\ProgramData\DockerDesktop\version-bin;C:\Strawberry\c\bin;C:\Strawberry\perl\site\bin;C:\Strawberry\perl\bin;C:\Users\wlan\AppData\Local\Android\Sdk\platform-tools;C:\Program Files\dotnet\;C:\Users\wlan\AppData\Local\Microsoft\WindowsApps;;C:\Users\wlan\AppData\Local\JetBrains\IntelliJ IDEA Community Edition 2020.1\bin;
USERNAME=wlan
OS=Windows_NT
PROCESSOR_IDENTIFIER=Intel64 Family 6 Model 92 Stepping 9, GenuineIntel



---------------  S Y S T E M  ---------------

OS: Windows 10.0 , 64 bit Build 18362 (10.0.18362.959)

CPU:total 2 (initial active 2) (2 cores per cpu, 1 threads per core) family 6 model 92 stepping 9, cmov, cx8, fxsr, mmx, sse, sse2, sse3, ssse3, sse4.1, sse4.2, popcnt, aes, clmul, erms, 3dnowpref, tsc, tscinvbit

Memory: 4k page, physical 3447592k(332520k free), swap 7543592k(5764k free)

vm_info: OpenJDK 64-Bit Server VM (25.242-b01) for windows-amd64 JRE (1.8.0_242-release-1644-b01), built by "builder" with MS VC++ 10.0 (VS2010)

time: Thu Sep 10 22:16:33 2020
timezone: Co-ordinated Universal Time
elapsed time: 16 seconds (0d 0h 0m 16s)

