#
# There is insufficient memory for the Java Runtime Environment to continue.
# Native memory allocation (malloc) failed to allocate 1048576 bytes for AllocateHeap
# Possible reasons:
#   The system is out of physical RAM or swap space
#   The process is running with CompressedOops enabled, and the Java Heap may be blocking the growth of the native heap
# Possible solutions:
#   Reduce memory load on the system
#   Increase physical memory or swap space
#   Check if swap backing store is full
#   Decrease Java heap size (-Xmx/-Xms)
#   Decrease number of Java threads
#   Decrease Java thread stack sizes (-Xss)
#   Set larger code cache with -XX:ReservedCodeCacheSize=
#   JVM is running with Unscaled Compressed Oops mode in which the Java heap is
#     placed in the first 4GB address space. The Java Heap base address is the
#     maximum limit for the native heap growth. Please use -XX:HeapBaseMinAddress
#     to set the Java Heap base and to place the Java Heap above 4GB virtual address.
# This output file may be truncated or incomplete.
#
#  Out of Memory Error (memory/allocation.inline.hpp:61), pid=7236, tid=0x00000000000026a4
#
# JRE version:  (8.0_242-b01) (build )
# Java VM: OpenJDK 64-Bit Server VM (25.242-b01 mixed mode windows-amd64 compressed oops)
# Failed to write core dump. Minidumps are not enabled by default on client versions of Windows
#

---------------  T H R E A D  ---------------

Current thread (0x00000000031d8000):  JavaThread "Unknown thread" [_thread_in_vm, id=9892, stack(0x00000000030d0000,0x00000000031d0000)]

Stack: [0x00000000030d0000,0x00000000031d0000]
[error occurred during error reporting (printing stack bounds), id 0xc0000005]

Native frames: (J=compiled Java code, j=interpreted, Vv=VM code, C=native code)


---------------  P R O C E S S  ---------------

Java Threads: ( => current thread )

Other Threads:

=>0x00000000031d8000 (exited) JavaThread "Unknown thread" [_thread_in_vm, id=9892, stack(0x00000000030d0000,0x00000000031d0000)]

VM state:not at safepoint (normal execution)

VM Mutex/Monitor currently owned by a thread: None

heap address: 0x00000000cb600000, size: 842 MB, Compressed Oops mode: 32-bit
Narrow klass base: 0x0000000000000000, Narrow klass shift: 3
Compressed class space size: 1073741824 Address: 0x0000000100000000

Heap:
 PSYoungGen      total 16384K, used 286K [0x00000000ee780000, 0x00000000ef980000, 0x0000000100000000)
  eden space 14336K, 2% used [0x00000000ee780000,0x00000000ee7c7af0,0x00000000ef580000)
  from space 2048K, 0% used [0x00000000ef780000,0x00000000ef780000,0x00000000ef980000)
  to   space 2048K, 0% used [0x00000000ef580000,0x00000000ef580000,0x00000000ef780000)
 ParOldGen       total 36864K, used 0K [0x00000000cb600000, 0x00000000cda00000, 0x00000000ee780000)
  object space 36864K, 0% used [0x00000000cb600000,0x00000000cb600000,0x00000000cda00000)
 Metaspace       used 790K, capacity 1156K, committed 1408K, reserved 1060864K
  class space    used 74K, capacity 384K, committed 384K, reserved 1048576K

Card table byte_map: [0x0000000012690000,0x0000000012840000] byte_map_base: 0x0000000012035000

Marking Bits: (ParMarkBitMap*) 0x0000000067a8f030
 Begin Bits: [0x0000000012b60000, 0x0000000013888000)
 End Bits:   [0x0000000013888000, 0x00000000145b0000)

Polling page: 0x00000000016b0000

CodeCache: size=245760Kb used=327Kb max_used=327Kb free=245432Kb
 bounds [0x00000000032d0000, 0x0000000003540000, 0x00000000122d0000]
 total_blobs=56 nmethods=0 adapters=38
 compilation: enabled

Compilation events (0 events):
No events

GC Heap History (0 events):
No events

Deoptimization events (0 events):
No events

Classes redefined (0 events):
No events

Internal exceptions (0 events):
No events

Events (10 events):
Event: 0.080 loading class java/lang/Short
Event: 0.080 loading class java/lang/Short done
Event: 0.080 loading class java/lang/Integer
Event: 0.081 loading class java/lang/Integer done
Event: 0.081 loading class java/lang/Long
Event: 0.081 loading class java/lang/Long done
Event: 0.083 loading class java/lang/NullPointerException
Event: 0.083 loading class java/lang/NullPointerException done
Event: 0.083 loading class java/lang/ArithmeticException
Event: 0.083 loading class java/lang/ArithmeticException done


Dynamic libraries:
0x00007ff783090000 - 0x00007ff7830c1000 	C:\Program Files\Android\Android Studio\jre\jre\bin\java.exe
0x00007ff911900000 - 0x00007ff911af0000 	C:\Windows\SYSTEM32\ntdll.dll
0x00007ff9117d0000 - 0x00007ff911882000 	C:\Windows\System32\KERNEL32.DLL
0x00007ff90f390000 - 0x00007ff90f634000 	C:\Windows\System32\KERNELBASE.dll
0x00007ff911200000 - 0x00007ff9112a3000 	C:\Windows\System32\ADVAPI32.dll
0x00007ff911010000 - 0x00007ff9110ae000 	C:\Windows\System32\msvcrt.dll
0x00007ff9110e0000 - 0x00007ff911177000 	C:\Windows\System32\sechost.dll
0x00007ff910990000 - 0x00007ff910ab0000 	C:\Windows\System32\RPCRT4.dll
0x00007ff911440000 - 0x00007ff9115d5000 	C:\Windows\System32\USER32.dll
0x00007ff90f360000 - 0x00007ff90f381000 	C:\Windows\System32\win32u.dll
0x00007ff911890000 - 0x00007ff9118b6000 	C:\Windows\System32\GDI32.dll
0x00007ff90f640000 - 0x00007ff90f7d6000 	C:\Windows\System32\gdi32full.dll
0x00007ff90f160000 - 0x00007ff90f1fe000 	C:\Windows\System32\msvcp_win.dll
0x00007ff90f7e0000 - 0x00007ff90f8da000 	C:\Windows\System32\ucrtbase.dll
0x00007ff8f9ee0000 - 0x00007ff8fa164000 	C:\Windows\WinSxS\amd64_microsoft.windows.common-controls_6595b64144ccf1df_6.0.18362.1016_none_9e7a36bbe461dae4\COMCTL32.dll
0x00007ff910b30000 - 0x00007ff910e65000 	C:\Windows\System32\combase.dll
0x00007ff90f200000 - 0x00007ff90f280000 	C:\Windows\System32\bcryptPrimitives.dll
0x00007ff9110b0000 - 0x00007ff9110de000 	C:\Windows\System32\IMM32.DLL
0x0000000066750000 - 0x0000000066822000 	C:\Program Files\Android\Android Studio\jre\jre\bin\msvcr100.dll
0x00000000672c0000 - 0x0000000067b0b000 	C:\Program Files\Android\Android Studio\jre\jre\bin\server\jvm.dll
0x00007ff9113d0000 - 0x00007ff9113d8000 	C:\Windows\System32\PSAPI.DLL
0x00007ff8f2920000 - 0x00007ff8f2929000 	C:\Windows\SYSTEM32\WSOCK32.dll
0x00007ff9112b0000 - 0x00007ff91131f000 	C:\Windows\System32\WS2_32.dll
0x00007ff90c8d0000 - 0x00007ff90c8f4000 	C:\Windows\SYSTEM32\WINMM.dll
0x00007ff8fc610000 - 0x00007ff8fc61a000 	C:\Windows\SYSTEM32\VERSION.dll
0x00007ff90c8a0000 - 0x00007ff90c8cd000 	C:\Windows\SYSTEM32\WINMMBASE.dll
0x00007ff90f940000 - 0x00007ff90f98a000 	C:\Windows\System32\cfgmgr32.dll
0x00007ff90a340000 - 0x00007ff90a34f000 	C:\Program Files\Android\Android Studio\jre\jre\bin\verify.dll
0x00007ff90a1b0000 - 0x00007ff90a1d9000 	C:\Program Files\Android\Android Studio\jre\jre\bin\java.dll
0x00007ff909790000 - 0x00007ff9097a6000 	C:\Program Files\Android\Android Studio\jre\jre\bin\zip.dll

VM Arguments:
java_command: org.jetbrains.kotlin.cli.jvm.K2JVMCompiler -Xallow-no-source-files -classpath C:\Users\wlan\AndroidStudioProjects\ContactApp\app\build\intermediates\compile_and_runtime_not_namespaced_r_class_jar\debug\R.jar;C:\Users\wlan\.gradle\caches\transforms-2\files-2.1\a0b5da322e7a7da83b1e3a27c0046d86\jetified-adapter-rxjava2-2.3.0.jar;C:\Users\wlan\.gradle\caches\transforms-2\files-2.1\63725e36d1e4083e503725a588fcc1c0\jetified-converter-gson-2.3.0.jar;C:\Users\wlan\.gradle\caches\transforms-2\files-2.1\fa086d5e8d95fa5b3e1cca967b260c66\jetified-retrofit-2.3.0.jar;C:\Users\wlan\.gradle\caches\transforms-2\files-2.1\263f1153c1dc071e6038cb14414e2dff\jetified-rxandroid-2.0.1-api.jar;C:\Users\wlan\.gradle\caches\transforms-2\files-2.1\acc1a9f16c873dcf4dfdd83f242f0dd0\jetified-okhttp-3.8.0.jar;C:\Users\wlan\.gradle\caches\transforms-2\files-2.1\a99ee0d959c3d0c9bc6bbd7ddca3d6c2\jetified-okio-1.13.0.jar;C:\Users\wlan\.gradle\caches\transforms-2\files-2.1\a12bb37fb6bc3cb6dd51b792c01ca875\jetified-rxjava-2.0.1.jar;C:\Users\wlan\.gradle\caches\transforms-2\files-2.1\d117090532bb257b73d2d3adf303b22c\jetified-gson-2.7.jar;C:\Users\wlan\.gradle\caches\transforms-2\files-2.1\d8ecf77db437180f5945578a4d2539b5\jetified-kotlin-android-extensions-runtime-1.3.72.jar;C:\Users\wlan\.gradle\caches\transforms-2\files-2.1\25b696cc5bf1375c49886a05e5663b49\jetified-core-ktx-1.3.1-api.jar;C:\Users\wlan\.gradle\caches\transforms-2\files-2.1\d7918a34a298ce6afd050963fe8285f4\jetified-kotlin-stdlib-1.3.72.jar;C:\Users\wlan\.gradle\caches\transforms-2\files-2.1\7a610442c037d944b5571b97c8bc4008\jetified-kotlin-stdlib-common-1.3.72.jar;C:\Users\wlan\.gradle\caches\transforms-2\files-2.1\b5ebe2cccd14b8a63e84eff597aa9d39\jetified-annotations-13.0.jar;C:\Users\wlan\.gradle\caches\transforms-2\files-2.1\ed8ddf1902b2f23e6a491776fb03d4fa\constraintlayout-2.0.1-api.jar;C:\Users\wlan\.gradle\caches\transforms-2\files-2.1\399de8a59477a234fcd6d33200205fea\material-1.2.0-api.jar;C:\Users\wlan\.gradle\cache
java_class_path (initial): C:\Users\wlan\.gradle\caches\modules-2\files-2.1\org.jetbrains.kotlin\kotlin-compiler-embeddable\1.3.72\fb72232c8fa977d5e07d33c43381ddbdc5edab6\kotlin-compiler-embeddable-1.3.72.jar;C:\Users\wlan\.gradle\caches\modules-2\files-2.1\org.jetbrains.kotlin\kotlin-reflect\1.3.72\86613e1a669a701b0c660bfd2af4f82a7ae11fca\kotlin-reflect-1.3.72.jar;C:\Users\wlan\.gradle\caches\modules-2\files-2.1\org.jetbrains.kotlin\kotlin-stdlib\1.3.72\8032138f12c0180bc4e51fe139d4c52b46db6109\kotlin-stdlib-1.3.72.jar;C:\Users\wlan\.gradle\caches\modules-2\files-2.1\org.jetbrains.kotlin\kotlin-script-runtime\1.3.72\657d8d34d91e1964b4439378c09933e840bfe8d5\kotlin-script-runtime-1.3.72.jar;C:\Users\wlan\.gradle\caches\modules-2\files-2.1\org.jetbrains.kotlin\kotlin-daemon-embeddable\1.3.72\53bbaa2816dbf6bdb85f629451b1fcc88f2164d2\kotlin-daemon-embeddable-1.3.72.jar;C:\Users\wlan\.gradle\caches\modules-2\files-2.1\org.jetbrains.intellij.deps\trove4j\1.0.20181211\216c2e14b070f334479d800987affe4054cd563f\trove4j-1.0.20181211.jar;C:\Users\wlan\.gradle\caches\modules-2\files-2.1\org.jetbrains.kotlin\kotlin-stdlib-common\1.3.72\6ca8bee3d88957eaaaef077c41c908c9940492d8\kotlin-stdlib-common-1.3.72.jar;C:\Users\wlan\.gradle\caches\modules-2\files-2.1\org.jetbrains\annotations\13.0\919f0dfe192fb4e063e7dacadee7f8bb9a2672a9\annotations-13.0.jar;C:\Program Files\Android\Android Studio\jre\lib\tools.jar
Launcher Type: SUN_STANDARD

Environment Variables:
PATH=C:\ProgramData\Oracle\Java\javapath;C:\Windows\system32;C:\Windows;C:\Windows\System32\Wbem;C:\Windows\System32\WindowsPowerShell\v1.0\;C:\Windows\System32\OpenSSH\;C:\Program Files\Git\cmd;C:\Go\bin;C:\Program Files\nodejs\;C:\Program Files\Docker\Docker\resources\bin;C:\ProgramData\DockerDesktop\version-bin;C:\Strawberry\c\bin;C:\Strawberry\perl\site\bin;C:\Strawberry\perl\bin;C:\Users\wlan\AppData\Local\Android\Sdk\platform-tools;C:\Program Files\dotnet\;C:\Users\wlan\AppData\Local\Microsoft\WindowsApps;;C:\Users\wlan\AppData\Local\JetBrains\IntelliJ IDEA Community Edition 2020.1\bin;
USERNAME=wlan
OS=Windows_NT
PROCESSOR_IDENTIFIER=Intel64 Family 6 Model 92 Stepping 9, GenuineIntel



---------------  S Y S T E M  ---------------

OS: Windows 10.0 , 64 bit Build 18362 (10.0.18362.959)

CPU:total 2 (initial active 2) (2 cores per cpu, 1 threads per core) family 6 model 92 stepping 9, cmov, cx8, fxsr, mmx, sse, sse2, sse3, ssse3, sse4.1, sse4.2, popcnt, aes, clmul, erms, 3dnowpref, tsc, tscinvbit

Memory: 4k page, physical 3447592k(325692k free), swap 7543592k(5928k free)

vm_info: OpenJDK 64-Bit Server VM (25.242-b01) for windows-amd64 JRE (1.8.0_242-release-1644-b01), built by "builder" with MS VC++ 10.0 (VS2010)

time: Thu Sep 10 22:19:32 2020
timezone: Co-ordinated Universal Time
elapsed time: 0 seconds (0d 0h 0m 0s)

